<?xml version="1.0" encoding="UTF-8"?>
<testng-results ignored="0" total="7" passed="7" failed="0" skipped="0">
  <reporter-output>
  </reporter-output>
  <suite started-at="2023-05-28T17:25:03 PKT" name="saucedemo-selenium-cucumber-framework" finished-at="2023-05-28T17:25:39 PKT" duration-ms="35114">
    <groups>
      <group name="cucumber">
        <method signature="AbstractTestNGCucumberTests.runScenario(io.cucumber.testng.PickleWrapper, io.cucumber.testng.FeatureWrapper)[pri:0, instance:runners.TestRunner@3491e86e]" name="runScenario" class="io.cucumber.testng.AbstractTestNGCucumberTests"/>
      </group> <!-- cucumber -->
    </groups>
    <test started-at="2023-05-28T17:25:03 PKT" name="Test Demo" finished-at="2023-05-28T17:25:39 PKT" duration-ms="35114">
      <class name="runners.TestRunner">
        <test-method is-config="true" signature="setUpClass()[pri:0, instance:runners.TestRunner@3491e86e]" started-at="2023-05-28T17:25:04 PKT" name="setUpClass" finished-at="2023-05-28T17:25:05 PKT" duration-ms="1174" status="PASS">
          <reporter-output>
          </reporter-output>
        </test-method> <!-- setUpClass -->
        <test-method signature="runScenario(io.cucumber.testng.PickleWrapper, io.cucumber.testng.FeatureWrapper)[pri:0, instance:runners.TestRunner@3491e86e]" started-at="2023-05-28T17:25:05 PKT" name="runScenario" description="Runs Cucumber Scenarios" data-provider="scenarios" finished-at="2023-05-28T17:25:15 PKT" duration-ms="9940" status="PASS">
          <params>
            <param index="0">
              <value>
                <![CDATA["Login using valid credentials"]]>
              </value>
            </param>
            <param index="1">
              <value>
                <![CDATA["Optional[Login Screen]"]]>
              </value>
            </param>
          </params>
          <reporter-output>
          </reporter-output>
        </test-method> <!-- runScenario -->
        <test-method signature="runScenario(io.cucumber.testng.PickleWrapper, io.cucumber.testng.FeatureWrapper)[pri:0, instance:runners.TestRunner@3491e86e]" started-at="2023-05-28T17:25:15 PKT" name="runScenario" description="Runs Cucumber Scenarios" data-provider="scenarios" finished-at="2023-05-28T17:25:18 PKT" duration-ms="2955" status="PASS">
          <params>
            <param index="0">
              <value>
                <![CDATA["Login using different credentials"]]>
              </value>
            </param>
            <param index="1">
              <value>
                <![CDATA["Optional[Login Screen]"]]>
              </value>
            </param>
          </params>
          <reporter-output>
          </reporter-output>
        </test-method> <!-- runScenario -->
        <test-method signature="runScenario(io.cucumber.testng.PickleWrapper, io.cucumber.testng.FeatureWrapper)[pri:0, instance:runners.TestRunner@3491e86e]" started-at="2023-05-28T17:25:18 PKT" name="runScenario" description="Runs Cucumber Scenarios" data-provider="scenarios" finished-at="2023-05-28T17:25:26 PKT" duration-ms="8021" status="PASS">
          <params>
            <param index="0">
              <value>
                <![CDATA["Login using different credentials"]]>
              </value>
            </param>
            <param index="1">
              <value>
                <![CDATA["Optional[Login Screen]"]]>
              </value>
            </param>
          </params>
          <reporter-output>
          </reporter-output>
        </test-method> <!-- runScenario -->
        <test-method signature="runScenario(io.cucumber.testng.PickleWrapper, io.cucumber.testng.FeatureWrapper)[pri:0, instance:runners.TestRunner@3491e86e]" started-at="2023-05-28T17:25:26 PKT" name="runScenario" description="Runs Cucumber Scenarios" data-provider="scenarios" finished-at="2023-05-28T17:25:29 PKT" duration-ms="3167" status="PASS">
          <params>
            <param index="0">
              <value>
                <![CDATA["Sort products by Price Low to High"]]>
              </value>
            </param>
            <param index="1">
              <value>
                <![CDATA["Optional[Product Filtering and Cart Functionality]"]]>
              </value>
            </param>
          </params>
          <reporter-output>
          </reporter-output>
        </test-method> <!-- runScenario -->
        <test-method signature="runScenario(io.cucumber.testng.PickleWrapper, io.cucumber.testng.FeatureWrapper)[pri:0, instance:runners.TestRunner@3491e86e]" started-at="2023-05-28T17:25:29 PKT" name="runScenario" description="Runs Cucumber Scenarios" data-provider="scenarios" finished-at="2023-05-28T17:25:32 PKT" duration-ms="3221" status="PASS">
          <params>
            <param index="0">
              <value>
                <![CDATA["Sort products by Price High to Low"]]>
              </value>
            </param>
            <param index="1">
              <value>
                <![CDATA["Optional[Product Filtering and Cart Functionality]"]]>
              </value>
            </param>
          </params>
          <reporter-output>
          </reporter-output>
        </test-method> <!-- runScenario -->
        <test-method signature="runScenario(io.cucumber.testng.PickleWrapper, io.cucumber.testng.FeatureWrapper)[pri:0, instance:runners.TestRunner@3491e86e]" started-at="2023-05-28T17:25:32 PKT" name="runScenario" description="Runs Cucumber Scenarios" data-provider="scenarios" finished-at="2023-05-28T17:25:36 PKT" duration-ms="3210" status="PASS">
          <params>
            <param index="0">
              <value>
                <![CDATA["Sort products by Name A to Z"]]>
              </value>
            </param>
            <param index="1">
              <value>
                <![CDATA["Optional[Product Filtering and Cart Functionality]"]]>
              </value>
            </param>
          </params>
          <reporter-output>
          </reporter-output>
        </test-method> <!-- runScenario -->
        <test-method signature="runScenario(io.cucumber.testng.PickleWrapper, io.cucumber.testng.FeatureWrapper)[pri:0, instance:runners.TestRunner@3491e86e]" started-at="2023-05-28T17:25:36 PKT" name="runScenario" description="Runs Cucumber Scenarios" data-provider="scenarios" finished-at="2023-05-28T17:25:39 PKT" duration-ms="3023" status="PASS">
          <params>
            <param index="0">
              <value>
                <![CDATA["Sort products by Name Z to A"]]>
              </value>
            </param>
            <param index="1">
              <value>
                <![CDATA["Optional[Product Filtering and Cart Functionality]"]]>
              </value>
            </param>
          </params>
          <reporter-output>
          </reporter-output>
        </test-method> <!-- runScenario -->
        <test-method is-config="true" signature="tearDownClass()[pri:0, instance:runners.TestRunner@3491e86e]" started-at="2023-05-28T17:25:39 PKT" name="tearDownClass" finished-at="2023-05-28T17:25:39 PKT" duration-ms="24" status="PASS">
          <reporter-output>
          </reporter-output>
        </test-method> <!-- tearDownClass -->
      </class> <!-- runners.TestRunner -->
    </test> <!-- Test Demo -->
  </suite> <!-- saucedemo-selenium-cucumber-framework -->
</testng-results>
