<?xml version="1.0" encoding="UTF-8"?>
<testsuite xmlns:xsi="http://www.w3.org/2001/XMLSchema-instance" xsi:noNamespaceSchemaLocation="https://maven.apache.org/surefire/maven-surefire-plugin/xsd/surefire-test-report-3.0.xsd" version="3.0" name="TestSuite" time="38.49" tests="7" errors="0" skipped="0" failures="0">
  <properties>
[...]
</properties>
  <testcase name="runScenario[&quot;Login using valid credentials&quot;, &quot;Optional[Login Screen]&quot;](1)" classname="runners.TestRunner" time="10.003">
    <system-out><![CDATA[[TestNGContentHandler] [WARN] It is strongly recommended to add "<!DOCTYPE suite SYSTEM "https://testng.org/testng-1.0.dtd" >" at the top of your file, otherwise TestNG may fail or not work as expected.

Scenario: Login using valid credentials &amp#27;[90m# src/test/resources/features/login.feature:3&amp#27;[0m
Executing Scenario Login using valid credentials
Executing tests on local environment
https://www.saucedemo.com/
  &amp#27;[32mGiven &amp#27;[0m&amp#27;[32mI am on the Login page&amp#27;[0m          &amp#27;[90m# stepDefination.LoginSteps.navigateToPage()&amp#27;[0m
standard_user
  &amp#27;[32mWhen &amp#27;[0m&amp#27;[32mI login with &amp#27;[0m&amp#27;[32m&amp#27;[1mstandard&amp#27;[0m&amp#27;[32m user&amp#27;[0m       &amp#27;[90m# stepDefination.LoginSteps.loginUser(java.lang.String)&amp#27;[0m
  &amp#27;[32mThen &amp#27;[0m&amp#27;[32mI am on the Swag Labs homepage&amp#27;[0m   &amp#27;[90m# stepDefination.LoginSteps.iShouldBeLoggedInSuccessfully()&amp#27;[0m
Execution completed for scenario: Login using valid credentials with test status - PASSED
]]></system-out>
    <system-err><![CDATA[SLF4J: No SLF4J providers were found.
SLF4J: Defaulting to no-operation (NOP) logger implementation
SLF4J: See https://www.slf4j.org/codes.html#noProviders for further details.
Starting ChromeDriver 113.0.5672.63 (0e1a4471d5ae5bf128b1bd8f4d627c8cbd55f70c-refs/branch-heads/5672@{#912}) on port 57150
Only local connections are allowed.
Please see https://chromedriver.chromium.org/security-considerations for suggestions on keeping ChromeDriver safe.
ChromeDriver was started successfully.
May 28, 2023 5:25:12 PM org.openqa.selenium.remote.ProtocolHandshake createSession
INFO: Detected dialect: W3C
May 28, 2023 5:25:12 PM org.openqa.selenium.devtools.CdpVersionFinder findNearestMatch
WARNING: Unable to find an exact match for CDP version 113, so returning the closest version found: a no-op implementation
May 28, 2023 5:25:12 PM org.openqa.selenium.devtools.CdpVersionFinder findNearestMatch
INFO: Unable to find CDP implementation matching 113.
May 28, 2023 5:25:12 PM org.openqa.selenium.chromium.ChromiumDriver lambda$new$3
WARNING: Unable to find version of CDP to use for . You may need to include a dependency on a specific version of the CDP using something similar to `org.seleniumhq.selenium:selenium-devtools-v86:4.1.2` where the version ("v86") matches the version of the chromium-based browser you're using and the version number of the artifact is the same as Selenium's.
]]></system-err>
  </testcase>
  <testcase name="runScenario[&quot;Login using different credentials&quot;, &quot;Optional[Login Screen]&quot;](2)" classname="runners.TestRunner" time="3.179">
    <system-out><![CDATA[
Scenario Outline: Login using different credentials                   &amp#27;[90m# src/test/resources/features/login.feature:15&amp#27;[0m
Executing Scenario Login using different credentials
Executing tests on local environment
https://www.saucedemo.com/
  &amp#27;[32mGiven &amp#27;[0m&amp#27;[32mI am on the Login page&amp#27;[0m                                        &amp#27;[90m# stepDefination.LoginSteps.navigateToPage()&amp#27;[0m
  &amp#27;[32mWhen &amp#27;[0m&amp#27;[32mI login user with different "&amp#27;[0m&amp#27;[32m&amp#27;[1mstandard_user&amp#27;[0m&amp#27;[32m" and "&amp#27;[0m&amp#27;[32m&amp#27;[1msecret_sauce&amp#27;[0m&amp#27;[32m"&amp#27;[0m &amp#27;[90m# stepDefination.LoginSteps.loginWithDifferentUsers(java.lang.String,java.lang.String)&amp#27;[0m
  &amp#27;[32mThen &amp#27;[0m&amp#27;[32mI am on the Swag Labs homepage&amp#27;[0m                                 &amp#27;[90m# stepDefination.LoginSteps.iShouldBeLoggedInSuccessfully()&amp#27;[0m
Execution completed for scenario: Login using different credentials with test status - PASSED
]]></system-out>
    <system-err><![CDATA[Starting ChromeDriver 113.0.5672.63 (0e1a4471d5ae5bf128b1bd8f4d627c8cbd55f70c-refs/branch-heads/5672@{#912}) on port 63319
Only local connections are allowed.
Please see https://chromedriver.chromium.org/security-considerations for suggestions on keeping ChromeDriver safe.
ChromeDriver was started successfully.
May 28, 2023 5:25:16 PM org.openqa.selenium.remote.ProtocolHandshake createSession
INFO: Detected dialect: W3C
May 28, 2023 5:25:16 PM org.openqa.selenium.devtools.CdpVersionFinder findNearestMatch
WARNING: Unable to find an exact match for CDP version 113, so returning the closest version found: a no-op implementation
May 28, 2023 5:25:16 PM org.openqa.selenium.devtools.CdpVersionFinder findNearestMatch
INFO: Unable to find CDP implementation matching 113.
May 28, 2023 5:25:16 PM org.openqa.selenium.chromium.ChromiumDriver lambda$new$3
WARNING: Unable to find version of CDP to use for . You may need to include a dependency on a specific version of the CDP using something similar to `org.seleniumhq.selenium:selenium-devtools-v86:4.1.2` where the version ("v86") matches the version of the chromium-based browser you're using and the version number of the artifact is the same as Selenium's.
]]></system-err>
  </testcase>
  <testcase name="runScenario[&quot;Login using different credentials&quot;, &quot;Optional[Login Screen]&quot;](3)" classname="runners.TestRunner" time="7.943">
    <system-out><![CDATA[
Scenario Outline: Login using different credentials                             &amp#27;[90m# src/test/resources/features/login.feature:16&amp#27;[0m
Executing Scenario Login using different credentials
Executing tests on local environment
https://www.saucedemo.com/
  &amp#27;[32mGiven &amp#27;[0m&amp#27;[32mI am on the Login page&amp#27;[0m                                                  &amp#27;[90m# stepDefination.LoginSteps.navigateToPage()&amp#27;[0m
  &amp#27;[32mWhen &amp#27;[0m&amp#27;[32mI login user with different "&amp#27;[0m&amp#27;[32m&amp#27;[1mperformance_glitch_user&amp#27;[0m&amp#27;[32m" and "&amp#27;[0m&amp#27;[32m&amp#27;[1msecret_sauce&amp#27;[0m&amp#27;[32m"&amp#27;[0m &amp#27;[90m# stepDefination.LoginSteps.loginWithDifferentUsers(java.lang.String,java.lang.String)&amp#27;[0m
  &amp#27;[32mThen &amp#27;[0m&amp#27;[32mI am on the Swag Labs homepage&amp#27;[0m                                           &amp#27;[90m# stepDefination.LoginSteps.iShouldBeLoggedInSuccessfully()&amp#27;[0m
Execution completed for scenario: Login using different credentials with test status - PASSED
]]></system-out>
    <system-err><![CDATA[Starting ChromeDriver 113.0.5672.63 (0e1a4471d5ae5bf128b1bd8f4d627c8cbd55f70c-refs/branch-heads/5672@{#912}) on port 58372
Only local connections are allowed.
Please see https://chromedriver.chromium.org/security-considerations for suggestions on keeping ChromeDriver safe.
ChromeDriver was started successfully.
May 28, 2023 5:25:19 PM org.openqa.selenium.remote.ProtocolHandshake createSession
INFO: Detected dialect: W3C
May 28, 2023 5:25:19 PM org.openqa.selenium.devtools.CdpVersionFinder findNearestMatch
WARNING: Unable to find an exact match for CDP version 113, so returning the closest version found: a no-op implementation
May 28, 2023 5:25:19 PM org.openqa.selenium.devtools.CdpVersionFinder findNearestMatch
INFO: Unable to find CDP implementation matching 113.
May 28, 2023 5:25:19 PM org.openqa.selenium.chromium.ChromiumDriver lambda$new$3
WARNING: Unable to find version of CDP to use for . You may need to include a dependency on a specific version of the CDP using something similar to `org.seleniumhq.selenium:selenium-devtools-v86:4.1.2` where the version ("v86") matches the version of the chromium-based browser you're using and the version number of the artifact is the same as Selenium's.
]]></system-err>
  </testcase>
  <testcase name="runScenario[&quot;Sort products by Price Low to High&quot;, &quot;Optional[Product Filtering and Cart Functionality]&quot;](4)" classname="runners.TestRunner" time="3.184">
    <system-out><![CDATA[
@source
Scenario: Sort products by Price Low to High                        &amp#27;[90m# src/test/resources/features/product.feature:4&amp#27;[0m
Executing Scenario Sort products by Price Low to High
Executing tests on local environment
https://www.saucedemo.com/
  &amp#27;[32mGiven &amp#27;[0m&amp#27;[32mI am on the Login page&amp#27;[0m                                      &amp#27;[90m# stepDefination.LoginSteps.navigateToPage()&amp#27;[0m
standard_user
  &amp#27;[32mWhen &amp#27;[0m&amp#27;[32mI login with &amp#27;[0m&amp#27;[32m&amp#27;[1mstandard&amp#27;[0m&amp#27;[32m user&amp#27;[0m                                   &amp#27;[90m# stepDefination.LoginSteps.loginUser(java.lang.String)&amp#27;[0m
  &amp#27;[32mThen &amp#27;[0m&amp#27;[32mI am on the Swag Labs homepage&amp#27;[0m                               &amp#27;[90m# stepDefination.LoginSteps.iShouldBeLoggedInSuccessfully()&amp#27;[0m
Price (low to high)
  &amp#27;[32mWhen &amp#27;[0m&amp#27;[32mI select the &amp#27;[0m&amp#27;[32m&amp#27;[1m"Price (low to high)"&amp#27;[0m&amp#27;[32m filter&amp#27;[0m                    &amp#27;[90m# stepDefination.ProductSteps.filterProduct(java.lang.String)&amp#27;[0m
  &amp#27;[32mThen &amp#27;[0m&amp#27;[32mI should see the products sorted by price in ascending order&amp#27;[0m &amp#27;[90m# stepDefination.ProductSteps.verifyProductsSortedInAscendingOrder()&amp#27;[0m
Execution completed for scenario: Sort products by Price Low to High with test status - PASSED
]]></system-out>
    <system-err><![CDATA[Starting ChromeDriver 113.0.5672.63 (0e1a4471d5ae5bf128b1bd8f4d627c8cbd55f70c-refs/branch-heads/5672@{#912}) on port 51241
Only local connections are allowed.
Please see https://chromedriver.chromium.org/security-considerations for suggestions on keeping ChromeDriver safe.
ChromeDriver was started successfully.
May 28, 2023 5:25:27 PM org.openqa.selenium.remote.ProtocolHandshake createSession
INFO: Detected dialect: W3C
May 28, 2023 5:25:27 PM org.openqa.selenium.devtools.CdpVersionFinder findNearestMatch
WARNING: Unable to find an exact match for CDP version 113, so returning the closest version found: a no-op implementation
May 28, 2023 5:25:27 PM org.openqa.selenium.devtools.CdpVersionFinder findNearestMatch
INFO: Unable to find CDP implementation matching 113.
May 28, 2023 5:25:27 PM org.openqa.selenium.chromium.ChromiumDriver lambda$new$3
WARNING: Unable to find version of CDP to use for . You may need to include a dependency on a specific version of the CDP using something similar to `org.seleniumhq.selenium:selenium-devtools-v86:4.1.2` where the version ("v86") matches the version of the chromium-based browser you're using and the version number of the artifact is the same as Selenium's.
]]></system-err>
  </testcase>
  <testcase name="runScenario[&quot;Sort products by Price High to Low&quot;, &quot;Optional[Product Filtering and Cart Functionality]&quot;](5)" classname="runners.TestRunner" time="3.28">
    <system-out><![CDATA[
@source
Scenario: Sort products by Price High to Low                         &amp#27;[90m# src/test/resources/features/product.feature:11&amp#27;[0m
Executing Scenario Sort products by Price High to Low
Executing tests on local environment
https://www.saucedemo.com/
  &amp#27;[32mGiven &amp#27;[0m&amp#27;[32mI am on the Login page&amp#27;[0m                                       &amp#27;[90m# stepDefination.LoginSteps.navigateToPage()&amp#27;[0m
standard_user
  &amp#27;[32mWhen &amp#27;[0m&amp#27;[32mI login with &amp#27;[0m&amp#27;[32m&amp#27;[1mstandard&amp#27;[0m&amp#27;[32m user&amp#27;[0m                                    &amp#27;[90m# stepDefination.LoginSteps.loginUser(java.lang.String)&amp#27;[0m
  &amp#27;[32mThen &amp#27;[0m&amp#27;[32mI am on the Swag Labs homepage&amp#27;[0m                                &amp#27;[90m# stepDefination.LoginSteps.iShouldBeLoggedInSuccessfully()&amp#27;[0m
Price (high to low)
  &amp#27;[32mWhen &amp#27;[0m&amp#27;[32mI select the &amp#27;[0m&amp#27;[32m&amp#27;[1m"Price (high to low)"&amp#27;[0m&amp#27;[32m filter&amp#27;[0m                     &amp#27;[90m# stepDefination.ProductSteps.filterProduct(java.lang.String)&amp#27;[0m
  &amp#27;[32mThen &amp#27;[0m&amp#27;[32mI should see the products sorted by price in descending order&amp#27;[0m &amp#27;[90m# stepDefination.ProductSteps.verifyProductsSortedInDescendingOrder()&amp#27;[0m
Execution completed for scenario: Sort products by Price High to Low with test status - PASSED
]]></system-out>
    <system-err><![CDATA[Starting ChromeDriver 113.0.5672.63 (0e1a4471d5ae5bf128b1bd8f4d627c8cbd55f70c-refs/branch-heads/5672@{#912}) on port 62535
Only local connections are allowed.
Please see https://chromedriver.chromium.org/security-considerations for suggestions on keeping ChromeDriver safe.
ChromeDriver was started successfully.
May 28, 2023 5:25:30 PM org.openqa.selenium.remote.ProtocolHandshake createSession
INFO: Detected dialect: W3C
May 28, 2023 5:25:30 PM org.openqa.selenium.devtools.CdpVersionFinder findNearestMatch
WARNING: Unable to find an exact match for CDP version 113, so returning the closest version found: a no-op implementation
May 28, 2023 5:25:30 PM org.openqa.selenium.devtools.CdpVersionFinder findNearestMatch
INFO: Unable to find CDP implementation matching 113.
May 28, 2023 5:25:30 PM org.openqa.selenium.chromium.ChromiumDriver lambda$new$3
WARNING: Unable to find version of CDP to use for . You may need to include a dependency on a specific version of the CDP using something similar to `org.seleniumhq.selenium:selenium-devtools-v86:4.1.2` where the version ("v86") matches the version of the chromium-based browser you're using and the version number of the artifact is the same as Selenium's.
]]></system-err>
  </testcase>
  <testcase name="runScenario[&quot;Sort products by Name A to Z&quot;, &quot;Optional[Product Filtering and Cart Functionality]&quot;](6)" classname="runners.TestRunner" time="3.196">
    <system-out><![CDATA[
@source
Scenario: Sort products by Name A to Z                             &amp#27;[90m# src/test/resources/features/product.feature:18&amp#27;[0m
Executing Scenario Sort products by Name A to Z
Executing tests on local environment
https://www.saucedemo.com/
  &amp#27;[32mGiven &amp#27;[0m&amp#27;[32mI am on the Login page&amp#27;[0m                                     &amp#27;[90m# stepDefination.LoginSteps.navigateToPage()&amp#27;[0m
problem_user
  &amp#27;[32mWhen &amp#27;[0m&amp#27;[32mI login with &amp#27;[0m&amp#27;[32m&amp#27;[1mperformanceUser&amp#27;[0m&amp#27;[32m user&amp#27;[0m                           &amp#27;[90m# stepDefination.LoginSteps.loginUser(java.lang.String)&amp#27;[0m
  &amp#27;[32mThen &amp#27;[0m&amp#27;[32mI am on the Swag Labs homepage&amp#27;[0m                              &amp#27;[90m# stepDefination.LoginSteps.iShouldBeLoggedInSuccessfully()&amp#27;[0m
Name (A to Z)
  &amp#27;[32mWhen &amp#27;[0m&amp#27;[32mI select the &amp#27;[0m&amp#27;[32m&amp#27;[1m"Name (A to Z)"&amp#27;[0m&amp#27;[32m filter&amp#27;[0m                         &amp#27;[90m# stepDefination.ProductSteps.filterProduct(java.lang.String)&amp#27;[0m
Sauce Labs Backpack
Sauce Labs Bike Light
Sauce Labs Bolt T-Shirt
Sauce Labs Fleece Jacket
Sauce Labs Onesie
Test.allTheThings() T-Shirt (Red)
-8
-6
-4
-9
-1
  &amp#27;[32mThen &amp#27;[0m&amp#27;[32mI should see the products sorted by name in ascending order&amp#27;[0m &amp#27;[90m# stepDefination.ProductSteps.verifyProductsSortedByNameInAscendingOrder()&amp#27;[0m
Execution completed for scenario: Sort products by Name A to Z with test status - PASSED
]]></system-out>
    <system-err><![CDATA[Starting ChromeDriver 113.0.5672.63 (0e1a4471d5ae5bf128b1bd8f4d627c8cbd55f70c-refs/branch-heads/5672@{#912}) on port 59753
Only local connections are allowed.
Please see https://chromedriver.chromium.org/security-considerations for suggestions on keeping ChromeDriver safe.
ChromeDriver was started successfully.
May 28, 2023 5:25:34 PM org.openqa.selenium.remote.ProtocolHandshake createSession
INFO: Detected dialect: W3C
May 28, 2023 5:25:34 PM org.openqa.selenium.devtools.CdpVersionFinder findNearestMatch
WARNING: Unable to find an exact match for CDP version 113, so returning the closest version found: a no-op implementation
May 28, 2023 5:25:34 PM org.openqa.selenium.devtools.CdpVersionFinder findNearestMatch
INFO: Unable to find CDP implementation matching 113.
May 28, 2023 5:25:34 PM org.openqa.selenium.chromium.ChromiumDriver lambda$new$3
WARNING: Unable to find version of CDP to use for . You may need to include a dependency on a specific version of the CDP using something similar to `org.seleniumhq.selenium:selenium-devtools-v86:4.1.2` where the version ("v86") matches the version of the chromium-based browser you're using and the version number of the artifact is the same as Selenium's.
]]></system-err>
  </testcase>
  <testcase name="runScenario[&quot;Sort products by Name Z to A&quot;, &quot;Optional[Product Filtering and Cart Functionality]&quot;](7)" classname="runners.TestRunner" time="3.176">
    <system-out><![CDATA[
@source
Scenario: Sort products by Name Z to A                              &amp#27;[90m# src/test/resources/features/product.feature:25&amp#27;[0m
Executing Scenario Sort products by Name Z to A
Executing tests on local environment
https://www.saucedemo.com/
  &amp#27;[32mGiven &amp#27;[0m&amp#27;[32mI am on the Login page&amp#27;[0m                                      &amp#27;[90m# stepDefination.LoginSteps.navigateToPage()&amp#27;[0m
standard_user
  &amp#27;[32mWhen &amp#27;[0m&amp#27;[32mI login with &amp#27;[0m&amp#27;[32m&amp#27;[1mstandard&amp#27;[0m&amp#27;[32m user&amp#27;[0m                                   &amp#27;[90m# stepDefination.LoginSteps.loginUser(java.lang.String)&amp#27;[0m
  &amp#27;[32mThen &amp#27;[0m&amp#27;[32mI am on the Swag Labs homepage&amp#27;[0m                               &amp#27;[90m# stepDefination.LoginSteps.iShouldBeLoggedInSuccessfully()&amp#27;[0m
Name (Z to A)
  &amp#27;[32mWhen &amp#27;[0m&amp#27;[32mI select the &amp#27;[0m&amp#27;[32m&amp#27;[1m"Name (Z to A)"&amp#27;[0m&amp#27;[32m filter&amp#27;[0m                          &amp#27;[90m# stepDefination.ProductSteps.filterProduct(java.lang.String)&amp#27;[0m
Test.allTheThings() T-Shirt (Red)
Sauce Labs Onesie
Sauce Labs Fleece Jacket
Sauce Labs Bolt T-Shirt
Sauce Labs Bike Light
Sauce Labs Backpack
1
9
4
6
8
  &amp#27;[32mThen &amp#27;[0m&amp#27;[32mI should see the products sorted by name in descending order&amp#27;[0m &amp#27;[90m# stepDefination.ProductSteps.verifyProductsSortedByNameInAscendingDescending()&amp#27;[0m
Execution completed for scenario: Sort products by Name Z to A with test status - PASSED
]]></system-out>
    <system-err><![CDATA[Starting ChromeDriver 113.0.5672.63 (0e1a4471d5ae5bf128b1bd8f4d627c8cbd55f70c-refs/branch-heads/5672@{#912}) on port 49759
Only local connections are allowed.
Please see https://chromedriver.chromium.org/security-considerations for suggestions on keeping ChromeDriver safe.
ChromeDriver was started successfully.
May 28, 2023 5:25:37 PM org.openqa.selenium.remote.ProtocolHandshake createSession
INFO: Detected dialect: W3C
May 28, 2023 5:25:37 PM org.openqa.selenium.devtools.CdpVersionFinder findNearestMatch
WARNING: Unable to find an exact match for CDP version 113, so returning the closest version found: a no-op implementation
May 28, 2023 5:25:37 PM org.openqa.selenium.devtools.CdpVersionFinder findNearestMatch
INFO: Unable to find CDP implementation matching 113.
May 28, 2023 5:25:37 PM org.openqa.selenium.chromium.ChromiumDriver lambda$new$3
WARNING: Unable to find version of CDP to use for . You may need to include a dependency on a specific version of the CDP using something similar to `org.seleniumhq.selenium:selenium-devtools-v86:4.1.2` where the version ("v86") matches the version of the chromium-based browser you're using and the version number of the artifact is the same as Selenium's.
]]></system-err>
  </testcase>
</testsuite>